0 info it worked if it ends with ok
1 verbose cli [ '/usr/local/Cellar/node/5.9.1/bin/node',
1 verbose cli   '/usr/local/bin/npm',
1 verbose cli   'install',
1 verbose cli   '--save',
1 verbose cli   '.lodash' ]
2 info using npm@3.7.3
3 info using node@v5.9.1
4 silly loadCurrentTree Starting
5 silly install loadCurrentTree
6 silly install readLocalPackageData
7 silly fetchPackageMetaData .lodash
8 silly fetchOtherPackageData .lodash
9 silly cache add args [ '.lodash', null ]
10 verbose cache add spec .lodash
11 silly cache add parsed spec Result {
11 silly cache add   raw: '.lodash',
11 silly cache add   scope: null,
11 silly cache add   name: null,
11 silly cache add   rawSpec: '.lodash',
11 silly cache add   spec: '/Users/user/Google Drive/cx3_4/week10/day3/react_bank/client/.lodash',
11 silly cache add   type: 'local' }
12 error addLocal Could not install /Users/user/Google Drive/cx3_4/week10/day3/react_bank/client/.lodash
13 silly fetchPackageMetaData Error: ENOENT: no such file or directory, open '/Users/user/Google Drive/cx3_4/week10/day3/react_bank/client/.lodash'
13 silly fetchPackageMetaData     at Error (native)
13 silly fetchPackageMetaData  error for .lodash { [Error: ENOENT: no such file or directory, open '/Users/user/Google Drive/cx3_4/week10/day3/react_bank/client/.lodash']
13 silly fetchPackageMetaData   errno: -2,
13 silly fetchPackageMetaData   code: 'ENOENT',
13 silly fetchPackageMetaData   syscall: 'open',
13 silly fetchPackageMetaData   path: '/Users/user/Google Drive/cx3_4/week10/day3/react_bank/client/.lodash' }
14 silly rollbackFailedOptional Starting
15 silly rollbackFailedOptional Finishing
16 silly runTopLevelLifecycles Starting
17 silly runTopLevelLifecycles Finishing
18 silly install printInstalled
19 verbose stack Error: ENOENT: no such file or directory, open '/Users/user/Google Drive/cx3_4/week10/day3/react_bank/client/.lodash'
19 verbose stack     at Error (native)
20 verbose cwd /Users/user/Google Drive/cx3_4/week10/day3/react_bank/client
21 error Darwin 15.5.0
22 error argv "/usr/local/Cellar/node/5.9.1/bin/node" "/usr/local/bin/npm" "install" "--save" ".lodash"
23 error node v5.9.1
24 error npm  v3.7.3
25 error path /Users/user/Google Drive/cx3_4/week10/day3/react_bank/client/.lodash
26 error code ENOENT
27 error errno -2
28 error syscall open
29 error enoent ENOENT: no such file or directory, open '/Users/user/Google Drive/cx3_4/week10/day3/react_bank/client/.lodash'
30 error enoent ENOENT: no such file or directory, open '/Users/user/Google Drive/cx3_4/week10/day3/react_bank/client/.lodash'
30 error enoent This is most likely not a problem with npm itself
30 error enoent and is related to npm not being able to find a file.
31 verbose exit [ -2, true ]
